2026-04-08 17:25:36,044 [Worker-1: Loading available Gradle versions] INFO  o.e.b.c.i.u.g.PublishedGradleVersions - Gradle version information cache is not available. Remote download required.
2026-04-08 17:33:59,667 [Worker-6: Loading available Gradle versions] INFO  o.e.b.c.i.u.g.PublishedGradleVersions - Gradle version information cache is up-to-date. Trying to read.
2026-04-08 17:34:36,829 [ModalContext] INFO  o.e.m.c.i.e.AbstractTransferListenerAdapter - Downloading https://repo.maven.apache.org/maven2/org/apache/maven/archetypes/maven-archetype-quickstart/1.1/maven-archetype-quickstart-1.1.pom
2026-04-08 17:34:36,868 [ModalContext] INFO  o.e.m.c.i.e.AbstractTransferListenerAdapter - Downloaded https://repo.maven.apache.org/maven2/org/apache/maven/archetypes/maven-archetype-quickstart/1.1/maven-archetype-quickstart-1.1.pom
2026-04-08 17:34:36,943 [ModalContext] INFO  o.e.m.c.i.e.AbstractTransferListenerAdapter - Downloading https://repo.maven.apache.org/maven2/org/apache/maven/archetypes/maven-archetype-bundles/4/maven-archetype-bundles-4.pom
2026-04-08 17:34:36,968 [ModalContext] INFO  o.e.m.c.i.e.AbstractTransferListenerAdapter - Downloaded https://repo.maven.apache.org/maven2/org/apache/maven/archetypes/maven-archetype-bundles/4/maven-archetype-bundles-4.pom
2026-04-08 17:34:37,043 [ModalContext] INFO  o.e.m.c.i.e.AbstractTransferListenerAdapter - Downloading https://repo.maven.apache.org/maven2/org/apache/maven/archetype/maven-archetype/2.0-alpha-5/maven-archetype-2.0-alpha-5.pom
2026-04-08 17:34:37,070 [ModalContext] INFO  o.e.m.c.i.e.AbstractTransferListenerAdapter - Downloaded https://repo.maven.apache.org/maven2/org/apache/maven/archetype/maven-archetype/2.0-alpha-5/maven-archetype-2.0-alpha-5.pom
2026-04-08 17:34:37,147 [ModalContext] INFO  o.e.m.c.i.e.AbstractTransferListenerAdapter - Downloading https://repo.maven.apache.org/maven2/org/apache/maven/maven-parent/16/maven-parent-16.pom
2026-04-08 17:34:37,200 [ModalContext] INFO  o.e.m.c.i.e.AbstractTransferListenerAdapter - Downloaded https://repo.maven.apache.org/maven2/org/apache/maven/maven-parent/16/maven-parent-16.pom
2026-04-08 17:34:37,270 [ModalContext] INFO  o.e.m.c.i.e.AbstractTransferListenerAdapter - Downloading https://repo.maven.apache.org/maven2/org/apache/apache/7/apache-7.pom
2026-04-08 17:34:37,294 [ModalContext] INFO  o.e.m.c.i.e.AbstractTransferListenerAdapter - Downloaded https://repo.maven.apache.org/maven2/org/apache/apache/7/apache-7.pom
2026-04-08 17:34:37,375 [ModalContext] INFO  o.e.m.c.i.e.AbstractTransferListenerAdapter - Downloading https://repo.maven.apache.org/maven2/org/apache/maven/archetypes/maven-archetype-quickstart/1.1/maven-archetype-quickstart-1.1.jar
2026-04-08 17:34:37,462 [ModalContext] INFO  o.e.m.c.i.e.AbstractTransferListenerAdapter - Downloaded https://repo.maven.apache.org/maven2/org/apache/maven/archetypes/maven-archetype-quickstart/1.1/maven-archetype-quickstart-1.1.jar
2026-04-08 17:35:10,216 [Worker-2: Launching mavenrun-31297c1d-054c-4f51-8fff-3f04e10b29ee] INFO  o.eclipse.m2e.core.internal.Bundles - getClasspathEntries(Bundle=org.eclipse.m2e.maven.runtime_3.9.1101.20251020-1549 [372])
2026-04-08 17:35:10,217 [Worker-2: Launching mavenrun-31297c1d-054c-4f51-8fff-3f04e10b29ee] INFO  o.eclipse.m2e.core.internal.Bundles - 	Entry: C:\sts-5.0.1.RELEASE\plugins\org.eclipse.m2e.maven.runtime_3.9.1101.20251020-1549
2026-04-08 17:35:10,218 [Worker-2: Launching mavenrun-31297c1d-054c-4f51-8fff-3f04e10b29ee] INFO  o.eclipse.m2e.core.internal.Bundles - 	Entry: C:\sts-5.0.1.RELEASE\plugins\org.eclipse.m2e.maven.runtime_3.9.1101.20251020-1549\jars\aopalliance-1.0.jar
2026-04-08 17:35:10,218 [Worker-2: Launching mavenrun-31297c1d-054c-4f51-8fff-3f04e10b29ee] INFO  o.eclipse.m2e.core.internal.Bundles - 	Entry: C:\sts-5.0.1.RELEASE\plugins\org.eclipse.m2e.maven.runtime_3.9.1101.20251020-1549\jars\asm-9.8.jar
2026-04-08 17:35:10,218 [Worker-2: Launching mavenrun-31297c1d-054c-4f51-8fff-3f04e10b29ee] INFO  o.eclipse.m2e.core.internal.Bundles - 	Entry: C:\sts-5.0.1.RELEASE\plugins\org.eclipse.m2e.maven.runtime_3.9.1101.20251020-1549\jars\error_prone_annotations-2.38.0.jar
2026-04-08 17:35:10,218 [Worker-2: Launching mavenrun-31297c1d-054c-4f51-8fff-3f04e10b29ee] INFO  o.eclipse.m2e.core.internal.Bundles - 	Entry: C:\sts-5.0.1.RELEASE\plugins\org.eclipse.m2e.maven.runtime_3.9.1101.20251020-1549\jars\gson-2.13.1.jar
2026-04-08 17:35:10,218 [Worker-2: Launching mavenrun-31297c1d-054c-4f51-8fff-3f04e10b29ee] INFO  o.eclipse.m2e.core.internal.Bundles - 	Entry: C:\sts-5.0.1.RELEASE\plugins\org.eclipse.m2e.maven.runtime_3.9.1101.20251020-1549\jars\guice-5.1.0-classes.jar
2026-04-08 17:35:10,218 [Worker-2: Launching mavenrun-31297c1d-054c-4f51-8fff-3f04e10b29ee] INFO  o.eclipse.m2e.core.internal.Bundles - 	Entry: C:\sts-5.0.1.RELEASE\plugins\org.eclipse.m2e.maven.runtime_3.9.1101.20251020-1549\jars\httpclient-4.5.14.jar
2026-04-08 17:35:10,219 [Worker-2: Launching mavenrun-31297c1d-054c-4f51-8fff-3f04e10b29ee] INFO  o.eclipse.m2e.core.internal.Bundles - 	Entry: C:\sts-5.0.1.RELEASE\plugins\org.eclipse.m2e.maven.runtime_3.9.1101.20251020-1549\jars\httpcore-4.4.16.jar
2026-04-08 17:35:10,219 [Worker-2: Launching mavenrun-31297c1d-054c-4f51-8fff-3f04e10b29ee] INFO  o.eclipse.m2e.core.internal.Bundles - 	Entry: C:\sts-5.0.1.RELEASE\plugins\org.eclipse.m2e.maven.runtime_3.9.1101.20251020-1549\jars\jansi-2.4.2.jar
2026-04-08 17:35:10,219 [Worker-2: Launching mavenrun-31297c1d-054c-4f51-8fff-3f04e10b29ee] INFO  o.eclipse.m2e.core.internal.Bundles - 	Entry: C:\sts-5.0.1.RELEASE\plugins\org.eclipse.m2e.maven.runtime_3.9.1101.20251020-1549\jars\jcl-over-slf4j-1.7.36.jar
2026-04-08 17:35:10,219 [Worker-2: Launching mavenrun-31297c1d-054c-4f51-8fff-3f04e10b29ee] INFO  o.eclipse.m2e.core.internal.Bundles - 	Entry: C:\sts-5.0.1.RELEASE\plugins\org.eclipse.m2e.maven.runtime_3.9.1101.20251020-1549\jars\maven-artifact-3.9.11.jar
2026-04-08 17:35:10,219 [Worker-2: Launching mavenrun-31297c1d-054c-4f51-8fff-3f04e10b29ee] INFO  o.eclipse.m2e.core.internal.Bundles - 	Entry: C:\sts-5.0.1.RELEASE\plugins\org.eclipse.m2e.maven.runtime_3.9.1101.20251020-1549\jars\maven-builder-support-3.9.11.jar
2026-04-08 17:35:10,219 [Worker-2: Launching mavenrun-31297c1d-054c-4f51-8fff-3f04e10b29ee] INFO  o.eclipse.m2e.core.internal.Bundles - 	Entry: C:\sts-5.0.1.RELEASE\plugins\org.eclipse.m2e.maven.runtime_3.9.1101.20251020-1549\jars\maven-compat-3.9.11.jar
2026-04-08 17:35:10,219 [Worker-2: Launching mavenrun-31297c1d-054c-4f51-8fff-3f04e10b29ee] INFO  o.eclipse.m2e.core.internal.Bundles - 	Entry: C:\sts-5.0.1.RELEASE\plugins\org.eclipse.m2e.maven.runtime_3.9.1101.20251020-1549\jars\maven-core-3.9.11.jar
2026-04-08 17:35:10,219 [Worker-2: Launching mavenrun-31297c1d-054c-4f51-8fff-3f04e10b29ee] INFO  o.eclipse.m2e.core.internal.Bundles - 	Entry: C:\sts-5.0.1.RELEASE\plugins\org.eclipse.m2e.maven.runtime_3.9.1101.20251020-1549\jars\maven-embedder-3.9.11.jar
2026-04-08 17:35:10,220 [Worker-2: Launching mavenrun-31297c1d-054c-4f51-8fff-3f04e10b29ee] INFO  o.eclipse.m2e.core.internal.Bundles - 	Entry: C:\sts-5.0.1.RELEASE\plugins\org.eclipse.m2e.maven.runtime_3.9.1101.20251020-1549\jars\maven-model-3.9.11.jar
2026-04-08 17:35:10,220 [Worker-2: Launching mavenrun-31297c1d-054c-4f51-8fff-3f04e10b29ee] INFO  o.eclipse.m2e.core.internal.Bundles - 	Entry: C:\sts-5.0.1.RELEASE\plugins\org.eclipse.m2e.maven.runtime_3.9.1101.20251020-1549\jars\maven-model-builder-3.9.11.jar
2026-04-08 17:35:10,220 [Worker-2: Launching mavenrun-31297c1d-054c-4f51-8fff-3f04e10b29ee] INFO  o.eclipse.m2e.core.internal.Bundles - 	Entry: C:\sts-5.0.1.RELEASE\plugins\org.eclipse.m2e.maven.runtime_3.9.1101.20251020-1549\jars\maven-plugin-api-3.9.11.jar
2026-04-08 17:35:10,220 [Worker-2: Launching mavenrun-31297c1d-054c-4f51-8fff-3f04e10b29ee] INFO  o.eclipse.m2e.core.internal.Bundles - 	Entry: C:\sts-5.0.1.RELEASE\plugins\org.eclipse.m2e.maven.runtime_3.9.1101.20251020-1549\jars\maven-repository-metadata-3.9.11.jar
2026-04-08 17:35:10,220 [Worker-2: Launching mavenrun-31297c1d-054c-4f51-8fff-3f04e10b29ee] INFO  o.eclipse.m2e.core.internal.Bundles - 	Entry: C:\sts-5.0.1.RELEASE\plugins\org.eclipse.m2e.maven.runtime_3.9.1101.20251020-1549\jars\maven-resolver-api-1.9.24.jar
2026-04-08 17:35:10,220 [Worker-2: Launching mavenrun-31297c1d-054c-4f51-8fff-3f04e10b29ee] INFO  o.eclipse.m2e.core.internal.Bundles - 	Entry: C:\sts-5.0.1.RELEASE\plugins\org.eclipse.m2e.maven.runtime_3.9.1101.20251020-1549\jars\maven-resolver-connector-basic-1.9.24.jar
2026-04-08 17:35:10,220 [Worker-2: Launching mavenrun-31297c1d-054c-4f51-8fff-3f04e10b29ee] INFO  o.eclipse.m2e.core.internal.Bundles - 	Entry: C:\sts-5.0.1.RELEASE\plugins\org.eclipse.m2e.maven.runtime_3.9.1101.20251020-1549\jars\maven-resolver-impl-1.9.24.jar
2026-04-08 17:35:10,220 [Worker-2: Launching mavenrun-31297c1d-054c-4f51-8fff-3f04e10b29ee] INFO  o.eclipse.m2e.core.internal.Bundles - 	Entry: C:\sts-5.0.1.RELEASE\plugins\org.eclipse.m2e.maven.runtime_3.9.1101.20251020-1549\jars\maven-resolver-named-locks-1.9.24.jar
2026-04-08 17:35:10,221 [Worker-2: Launching mavenrun-31297c1d-054c-4f51-8fff-3f04e10b29ee] INFO  o.eclipse.m2e.core.internal.Bundles - 	Entry: C:\sts-5.0.1.RELEASE\plugins\org.eclipse.m2e.maven.runtime_3.9.1101.20251020-1549\jars\maven-resolver-provider-3.9.11.jar
2026-04-08 17:35:10,221 [Worker-2: Launching mavenrun-31297c1d-054c-4f51-8fff-3f04e10b29ee] INFO  o.eclipse.m2e.core.internal.Bundles - 	Entry: C:\sts-5.0.1.RELEASE\plugins\org.eclipse.m2e.maven.runtime_3.9.1101.20251020-1549\jars\maven-resolver-spi-1.9.24.jar
2026-04-08 17:35:10,221 [Worker-2: Launching mavenrun-31297c1d-054c-4f51-8fff-3f04e10b29ee] INFO  o.eclipse.m2e.core.internal.Bundles - 	Entry: C:\sts-5.0.1.RELEASE\plugins\org.eclipse.m2e.maven.runtime_3.9.1101.20251020-1549\jars\maven-resolver-transport-file-1.9.24.jar
2026-04-08 17:35:10,221 [Worker-2: Launching mavenrun-31297c1d-054c-4f51-8fff-3f04e10b29ee] INFO  o.eclipse.m2e.core.internal.Bundles - 	Entry: C:\sts-5.0.1.RELEASE\plugins\org.eclipse.m2e.maven.runtime_3.9.1101.20251020-1549\jars\maven-resolver-transport-http-1.9.24.jar
2026-04-08 17:35:10,221 [Worker-2: Launching mavenrun-31297c1d-054c-4f51-8fff-3f04e10b29ee] INFO  o.eclipse.m2e.core.internal.Bundles - 	Entry: C:\sts-5.0.1.RELEASE\plugins\org.eclipse.m2e.maven.runtime_3.9.1101.20251020-1549\jars\maven-resolver-transport-wagon-1.9.24.jar
2026-04-08 17:35:10,221 [Worker-2: Launching mavenrun-31297c1d-054c-4f51-8fff-3f04e10b29ee] INFO  o.eclipse.m2e.core.internal.Bundles - 	Entry: C:\sts-5.0.1.RELEASE\plugins\org.eclipse.m2e.maven.runtime_3.9.1101.20251020-1549\jars\maven-resolver-util-1.9.24.jar
2026-04-08 17:35:10,221 [Worker-2: Launching mavenrun-31297c1d-054c-4f51-8fff-3f04e10b29ee] INFO  o.eclipse.m2e.core.internal.Bundles - 	Entry: C:\sts-5.0.1.RELEASE\plugins\org.eclipse.m2e.maven.runtime_3.9.1101.20251020-1549\jars\maven-settings-3.9.11.jar
2026-04-08 17:35:10,222 [Worker-2: Launching mavenrun-31297c1d-054c-4f51-8fff-3f04e10b29ee] INFO  o.eclipse.m2e.core.internal.Bundles - 	Entry: C:\sts-5.0.1.RELEASE\plugins\org.eclipse.m2e.maven.runtime_3.9.1101.20251020-1549\jars\maven-settings-builder-3.9.11.jar
2026-04-08 17:35:10,222 [Worker-2: Launching mavenrun-31297c1d-054c-4f51-8fff-3f04e10b29ee] INFO  o.eclipse.m2e.core.internal.Bundles - 	Entry: C:\sts-5.0.1.RELEASE\plugins\org.eclipse.m2e.maven.runtime_3.9.1101.20251020-1549\jars\maven-shared-utils-3.4.2.jar
2026-04-08 17:35:10,222 [Worker-2: Launching mavenrun-31297c1d-054c-4f51-8fff-3f04e10b29ee] INFO  o.eclipse.m2e.core.internal.Bundles - 	Entry: C:\sts-5.0.1.RELEASE\plugins\org.eclipse.m2e.maven.runtime_3.9.1101.20251020-1549\jars\org.eclipse.sisu.inject-0.9.0.M4.jar
2026-04-08 17:35:10,222 [Worker-2: Launching mavenrun-31297c1d-054c-4f51-8fff-3f04e10b29ee] INFO  o.eclipse.m2e.core.internal.Bundles - 	Entry: C:\sts-5.0.1.RELEASE\plugins\org.eclipse.m2e.maven.runtime_3.9.1101.20251020-1549\jars\org.eclipse.sisu.plexus-0.9.0.M4.jar
2026-04-08 17:35:10,222 [Worker-2: Launching mavenrun-31297c1d-054c-4f51-8fff-3f04e10b29ee] INFO  o.eclipse.m2e.core.internal.Bundles - 	Entry: C:\sts-5.0.1.RELEASE\plugins\org.eclipse.m2e.maven.runtime_3.9.1101.20251020-1549\jars\plexus-build-api-0.0.7.jar
2026-04-08 17:35:10,222 [Worker-2: Launching mavenrun-31297c1d-054c-4f51-8fff-3f04e10b29ee] INFO  o.eclipse.m2e.core.internal.Bundles - 	Entry: C:\sts-5.0.1.RELEASE\plugins\org.eclipse.m2e.maven.runtime_3.9.1101.20251020-1549\jars\plexus-build-api-1.2.0.jar
2026-04-08 17:35:10,222 [Worker-2: Launching mavenrun-31297c1d-054c-4f51-8fff-3f04e10b29ee] INFO  o.eclipse.m2e.core.internal.Bundles - 	Entry: C:\sts-5.0.1.RELEASE\plugins\org.eclipse.m2e.maven.runtime_3.9.1101.20251020-1549\jars\plexus-cipher-2.0.jar
2026-04-08 17:35:10,223 [Worker-2: Launching mavenrun-31297c1d-054c-4f51-8fff-3f04e10b29ee] INFO  o.eclipse.m2e.core.internal.Bundles - 	Entry: C:\sts-5.0.1.RELEASE\plugins\org.eclipse.m2e.maven.runtime_3.9.1101.20251020-1549\jars\plexus-classworlds-2.9.0.jar
2026-04-08 17:35:10,223 [Worker-2: Launching mavenrun-31297c1d-054c-4f51-8fff-3f04e10b29ee] INFO  o.eclipse.m2e.core.internal.Bundles - 	Entry: C:\sts-5.0.1.RELEASE\plugins\org.eclipse.m2e.maven.runtime_3.9.1101.20251020-1549\jars\plexus-component-annotations-2.2.0.jar
2026-04-08 17:35:10,223 [Worker-2: Launching mavenrun-31297c1d-054c-4f51-8fff-3f04e10b29ee] INFO  o.eclipse.m2e.core.internal.Bundles - 	Entry: C:\sts-5.0.1.RELEASE\plugins\org.eclipse.m2e.maven.runtime_3.9.1101.20251020-1549\jars\plexus-interpolation-1.28.jar
2026-04-08 17:35:10,223 [Worker-2: Launching mavenrun-31297c1d-054c-4f51-8fff-3f04e10b29ee] INFO  o.eclipse.m2e.core.internal.Bundles - 	Entry: C:\sts-5.0.1.RELEASE\plugins\org.eclipse.m2e.maven.runtime_3.9.1101.20251020-1549\jars\plexus-sec-dispatcher-2.0.jar
2026-04-08 17:35:10,223 [Worker-2: Launching mavenrun-31297c1d-054c-4f51-8fff-3f04e10b29ee] INFO  o.eclipse.m2e.core.internal.Bundles - 	Entry: C:\sts-5.0.1.RELEASE\plugins\org.eclipse.m2e.maven.runtime_3.9.1101.20251020-1549\jars\plexus-utils-3.6.0.jar
2026-04-08 17:35:10,223 [Worker-2: Launching mavenrun-31297c1d-054c-4f51-8fff-3f04e10b29ee] INFO  o.eclipse.m2e.core.internal.Bundles - 	Entry: C:\sts-5.0.1.RELEASE\plugins\org.eclipse.m2e.maven.runtime_3.9.1101.20251020-1549\jars\wagon-file-3.5.3.jar
2026-04-08 17:35:10,223 [Worker-2: Launching mavenrun-31297c1d-054c-4f51-8fff-3f04e10b29ee] INFO  o.eclipse.m2e.core.internal.Bundles - 	Entry: C:\sts-5.0.1.RELEASE\plugins\org.eclipse.m2e.maven.runtime_3.9.1101.20251020-1549\jars\wagon-http-3.5.3.jar
2026-04-08 17:35:10,223 [Worker-2: Launching mavenrun-31297c1d-054c-4f51-8fff-3f04e10b29ee] INFO  o.eclipse.m2e.core.internal.Bundles - 	Entry: C:\sts-5.0.1.RELEASE\plugins\org.eclipse.m2e.maven.runtime_3.9.1101.20251020-1549\jars\wagon-http-shared-3.5.3.jar
2026-04-08 17:35:10,223 [Worker-2: Launching mavenrun-31297c1d-054c-4f51-8fff-3f04e10b29ee] INFO  o.eclipse.m2e.core.internal.Bundles - 	Entry: C:\sts-5.0.1.RELEASE\plugins\org.eclipse.m2e.maven.runtime_3.9.1101.20251020-1549\jars\wagon-provider-api-3.5.3.jar
2026-04-08 17:35:10,225 [Worker-2: Launching mavenrun-31297c1d-054c-4f51-8fff-3f04e10b29ee] INFO  o.eclipse.m2e.core.internal.Bundles - getClasspathEntries(Bundle=com.google.guava_33.5.0.jre [31])
2026-04-08 17:35:10,225 [Worker-2: Launching mavenrun-31297c1d-054c-4f51-8fff-3f04e10b29ee] INFO  o.eclipse.m2e.core.internal.Bundles - 	Entry: C:\sts-5.0.1.RELEASE\plugins\com.google.guava_33.5.0.jre.jar
2026-04-08 17:35:10,225 [Worker-2: Launching mavenrun-31297c1d-054c-4f51-8fff-3f04e10b29ee] INFO  o.eclipse.m2e.core.internal.Bundles - getClasspathEntries(Bundle=slf4j.api_2.0.17 [620])
2026-04-08 17:35:10,225 [Worker-2: Launching mavenrun-31297c1d-054c-4f51-8fff-3f04e10b29ee] INFO  o.eclipse.m2e.core.internal.Bundles - 	Entry: C:\sts-5.0.1.RELEASE\plugins\slf4j.api_2.0.17.jar
2026-04-08 17:35:10,226 [Worker-2: Launching mavenrun-31297c1d-054c-4f51-8fff-3f04e10b29ee] INFO  o.eclipse.m2e.core.internal.Bundles - getClasspathEntries(Bundle=jakarta.inject.jakarta.inject-api_1.0.5 [46])
2026-04-08 17:35:10,226 [Worker-2: Launching mavenrun-31297c1d-054c-4f51-8fff-3f04e10b29ee] INFO  o.eclipse.m2e.core.internal.Bundles - 	Entry: C:\sts-5.0.1.RELEASE\plugins\jakarta.inject.jakarta.inject-api_1.0.5.jar
2026-04-08 17:35:10,226 [Worker-2: Launching mavenrun-31297c1d-054c-4f51-8fff-3f04e10b29ee] INFO  o.eclipse.m2e.core.internal.Bundles - getClasspathEntries(Bundle=jakarta.annotation-api_1.3.5 [43])
2026-04-08 17:35:10,226 [Worker-2: Launching mavenrun-31297c1d-054c-4f51-8fff-3f04e10b29ee] INFO  o.eclipse.m2e.core.internal.Bundles - 	Entry: C:\sts-5.0.1.RELEASE\plugins\jakarta.annotation-api_1.3.5.jar
2026-04-08 17:35:10,226 [Worker-2: Launching mavenrun-31297c1d-054c-4f51-8fff-3f04e10b29ee] INFO  o.eclipse.m2e.core.internal.Bundles - getClasspathEntries(Bundle=org.apache.commons.cli_1.11.0 [85])
2026-04-08 17:35:10,227 [Worker-2: Launching mavenrun-31297c1d-054c-4f51-8fff-3f04e10b29ee] INFO  o.eclipse.m2e.core.internal.Bundles - 	Entry: C:\sts-5.0.1.RELEASE\plugins\org.apache.commons.cli_1.11.0.jar
2026-04-08 17:35:10,227 [Worker-2: Launching mavenrun-31297c1d-054c-4f51-8fff-3f04e10b29ee] INFO  o.eclipse.m2e.core.internal.Bundles - getClasspathEntries(Bundle=org.apache.commons.commons-codec_1.20.0 [87])
2026-04-08 17:35:10,227 [Worker-2: Launching mavenrun-31297c1d-054c-4f51-8fff-3f04e10b29ee] INFO  o.eclipse.m2e.core.internal.Bundles - 	Entry: C:\sts-5.0.1.RELEASE\plugins\org.apache.commons.commons-codec_1.20.0.jar
2026-04-08 17:35:10,227 [Worker-2: Launching mavenrun-31297c1d-054c-4f51-8fff-3f04e10b29ee] INFO  o.eclipse.m2e.core.internal.Bundles - getClasspathEntries(Bundle=com.google.guava.failureaccess_1.0.3 [32])
2026-04-08 17:35:10,227 [Worker-2: Launching mavenrun-31297c1d-054c-4f51-8fff-3f04e10b29ee] INFO  o.eclipse.m2e.core.internal.Bundles - 	Entry: C:\sts-5.0.1.RELEASE\plugins\com.google.guava.failureaccess_1.0.3.jar
2026-04-08 17:35:10,232 [Worker-2: Launching mavenrun-31297c1d-054c-4f51-8fff-3f04e10b29ee] INFO  o.e.m.i.launch.MavenLaunchDelegate - Run build in "C:\Users\salle\AppData\Local\Temp\m2e-archetypeGenerator9970682685591942837":
2026-04-08 17:35:10,236 [Worker-2: Launching mavenrun-31297c1d-054c-4f51-8fff-3f04e10b29ee] INFO  o.e.m.i.launch.MavenLaunchDelegate -  mvn  -DarchetypeGroupId=org.apache.maven.archetypes -DarchetypeArtifactId=maven-archetype-quickstart -DarchetypeVersion=1.1 -DgroupId=Trabalho -DartifactId=uninter -Dversion=0.0.1-SNAPSHOT -Dpackage=Trabalho.uninter -DoutputDirectory="C:\Users\salle\Desktop\trabalho final\raizes-backend" -Dstyle.color=always -U archetype:generate
2026-04-08 17:35:42,998 [Worker-4: Searching...] INFO  o.eclipse.m2e.core.internal.Bundles - getClasspathEntries(Bundle=org.eclipse.m2e.workspace.cli_0.4.0 [381])
2026-04-08 17:35:42,998 [Worker-4: Searching...] INFO  o.eclipse.m2e.core.internal.Bundles - 	Entry: C:\sts-5.0.1.RELEASE\plugins\org.eclipse.m2e.workspace.cli_0.4.0.jar
2026-04-08 17:35:43,022 [Worker-4: Searching...] INFO  o.eclipse.m2e.core.internal.Bundles - getClasspathEntries(Bundle=org.eclipse.m2e.maven.runtime_3.9.1101.20251020-1549 [372])
2026-04-08 17:35:43,023 [Worker-4: Searching...] INFO  o.eclipse.m2e.core.internal.Bundles - 	Entry: C:\sts-5.0.1.RELEASE\plugins\org.eclipse.m2e.maven.runtime_3.9.1101.20251020-1549
2026-04-08 17:35:43,023 [Worker-4: Searching...] INFO  o.eclipse.m2e.core.internal.Bundles - 	Entry: C:\sts-5.0.1.RELEASE\plugins\org.eclipse.m2e.maven.runtime_3.9.1101.20251020-1549\jars\aopalliance-1.0.jar
2026-04-08 17:35:43,023 [Worker-4: Searching...] INFO  o.eclipse.m2e.core.internal.Bundles - 	Entry: C:\sts-5.0.1.RELEASE\plugins\org.eclipse.m2e.maven.runtime_3.9.1101.20251020-1549\jars\asm-9.8.jar
2026-04-08 17:35:43,023 [Worker-4: Searching...] INFO  o.eclipse.m2e.core.internal.Bundles - 	Entry: C:\sts-5.0.1.RELEASE\plugins\org.eclipse.m2e.maven.runtime_3.9.1101.20251020-1549\jars\error_prone_annotations-2.38.0.jar
2026-04-08 17:35:43,023 [Worker-4: Searching...] INFO  o.eclipse.m2e.core.internal.Bundles - 	Entry: C:\sts-5.0.1.RELEASE\plugins\org.eclipse.m2e.maven.runtime_3.9.1101.20251020-1549\jars\gson-2.13.1.jar
2026-04-08 17:35:43,024 [Worker-4: Searching...] INFO  o.eclipse.m2e.core.internal.Bundles - 	Entry: C:\sts-5.0.1.RELEASE\plugins\org.eclipse.m2e.maven.runtime_3.9.1101.20251020-1549\jars\guice-5.1.0-classes.jar
2026-04-08 17:35:43,024 [Worker-4: Searching...] INFO  o.eclipse.m2e.core.internal.Bundles - 	Entry: C:\sts-5.0.1.RELEASE\plugins\org.eclipse.m2e.maven.runtime_3.9.1101.20251020-1549\jars\httpclient-4.5.14.jar
2026-04-08 17:35:43,024 [Worker-4: Searching...] INFO  o.eclipse.m2e.core.internal.Bundles - 	Entry: C:\sts-5.0.1.RELEASE\plugins\org.eclipse.m2e.maven.runtime_3.9.1101.20251020-1549\jars\httpcore-4.4.16.jar
2026-04-08 17:35:43,024 [Worker-4: Searching...] INFO  o.eclipse.m2e.core.internal.Bundles - 	Entry: C:\sts-5.0.1.RELEASE\plugins\org.eclipse.m2e.maven.runtime_3.9.1101.20251020-1549\jars\jansi-2.4.2.jar
2026-04-08 17:35:43,024 [Worker-4: Searching...] INFO  o.eclipse.m2e.core.internal.Bundles - 	Entry: C:\sts-5.0.1.RELEASE\plugins\org.eclipse.m2e.maven.runtime_3.9.1101.20251020-1549\jars\jcl-over-slf4j-1.7.36.jar
2026-04-08 17:35:43,024 [Worker-4: Searching...] INFO  o.eclipse.m2e.core.internal.Bundles - 	Entry: C:\sts-5.0.1.RELEASE\plugins\org.eclipse.m2e.maven.runtime_3.9.1101.20251020-1549\jars\maven-artifact-3.9.11.jar
2026-04-08 17:35:43,024 [Worker-4: Searching...] INFO  o.eclipse.m2e.core.internal.Bundles - 	Entry: C:\sts-5.0.1.RELEASE\plugins\org.eclipse.m2e.maven.runtime_3.9.1101.20251020-1549\jars\maven-builder-support-3.9.11.jar
2026-04-08 17:35:43,024 [Worker-4: Searching...] INFO  o.eclipse.m2e.core.internal.Bundles - 	Entry: C:\sts-5.0.1.RELEASE\plugins\org.eclipse.m2e.maven.runtime_3.9.1101.20251020-1549\jars\maven-compat-3.9.11.jar
2026-04-08 17:35:43,025 [Worker-4: Searching...] INFO  o.eclipse.m2e.core.internal.Bundles - 	Entry: C:\sts-5.0.1.RELEASE\plugins\org.eclipse.m2e.maven.runtime_3.9.1101.20251020-1549\jars\maven-core-3.9.11.jar
2026-04-08 17:35:43,025 [Worker-4: Searching...] INFO  o.eclipse.m2e.core.internal.Bundles - 	Entry: C:\sts-5.0.1.RELEASE\plugins\org.eclipse.m2e.maven.runtime_3.9.1101.20251020-1549\jars\maven-embedder-3.9.11.jar
2026-04-08 17:35:43,025 [Worker-4: Searching...] INFO  o.eclipse.m2e.core.internal.Bundles - 	Entry: C:\sts-5.0.1.RELEASE\plugins\org.eclipse.m2e.maven.runtime_3.9.1101.20251020-1549\jars\maven-model-3.9.11.jar
2026-04-08 17:35:43,025 [Worker-4: Searching...] INFO  o.eclipse.m2e.core.internal.Bundles - 	Entry: C:\sts-5.0.1.RELEASE\plugins\org.eclipse.m2e.maven.runtime_3.9.1101.20251020-1549\jars\maven-model-builder-3.9.11.jar
2026-04-08 17:35:43,025 [Worker-4: Searching...] INFO  o.eclipse.m2e.core.internal.Bundles - 	Entry: C:\sts-5.0.1.RELEASE\plugins\org.eclipse.m2e.maven.runtime_3.9.1101.20251020-1549\jars\maven-plugin-api-3.9.11.jar
2026-04-08 17:35:43,025 [Worker-4: Searching...] INFO  o.eclipse.m2e.core.internal.Bundles - 	Entry: C:\sts-5.0.1.RELEASE\plugins\org.eclipse.m2e.maven.runtime_3.9.1101.20251020-1549\jars\maven-repository-metadata-3.9.11.jar
2026-04-08 17:35:43,025 [Worker-4: Searching...] INFO  o.eclipse.m2e.core.internal.Bundles - 	Entry: C:\sts-5.0.1.RELEASE\plugins\org.eclipse.m2e.maven.runtime_3.9.1101.20251020-1549\jars\maven-resolver-api-1.9.24.jar
2026-04-08 17:35:43,025 [Worker-4: Searching...] INFO  o.eclipse.m2e.core.internal.Bundles - 	Entry: C:\sts-5.0.1.RELEASE\plugins\org.eclipse.m2e.maven.runtime_3.9.1101.20251020-1549\jars\maven-resolver-connector-basic-1.9.24.jar
2026-04-08 17:35:43,026 [Worker-4: Searching...] INFO  o.eclipse.m2e.core.internal.Bundles - 	Entry: C:\sts-5.0.1.RELEASE\plugins\org.eclipse.m2e.maven.runtime_3.9.1101.20251020-1549\jars\maven-resolver-impl-1.9.24.jar
2026-04-08 17:35:43,026 [Worker-4: Searching...] INFO  o.eclipse.m2e.core.internal.Bundles - 	Entry: C:\sts-5.0.1.RELEASE\plugins\org.eclipse.m2e.maven.runtime_3.9.1101.20251020-1549\jars\maven-resolver-named-locks-1.9.24.jar
2026-04-08 17:35:43,026 [Worker-4: Searching...] INFO  o.eclipse.m2e.core.internal.Bundles - 	Entry: C:\sts-5.0.1.RELEASE\plugins\org.eclipse.m2e.maven.runtime_3.9.1101.20251020-1549\jars\maven-resolver-provider-3.9.11.jar
2026-04-08 17:35:43,026 [Worker-4: Searching...] INFO  o.eclipse.m2e.core.internal.Bundles - 	Entry: C:\sts-5.0.1.RELEASE\plugins\org.eclipse.m2e.maven.runtime_3.9.1101.20251020-1549\jars\maven-resolver-spi-1.9.24.jar
2026-04-08 17:35:43,026 [Worker-4: Searching...] INFO  o.eclipse.m2e.core.internal.Bundles - 	Entry: C:\sts-5.0.1.RELEASE\plugins\org.eclipse.m2e.maven.runtime_3.9.1101.20251020-1549\jars\maven-resolver-transport-file-1.9.24.jar
2026-04-08 17:35:43,026 [Worker-4: Searching...] INFO  o.eclipse.m2e.core.internal.Bundles - 	Entry: C:\sts-5.0.1.RELEASE\plugins\org.eclipse.m2e.maven.runtime_3.9.1101.20251020-1549\jars\maven-resolver-transport-http-1.9.24.jar
2026-04-08 17:35:43,026 [Worker-4: Searching...] INFO  o.eclipse.m2e.core.internal.Bundles - 	Entry: C:\sts-5.0.1.RELEASE\plugins\org.eclipse.m2e.maven.runtime_3.9.1101.20251020-1549\jars\maven-resolver-transport-wagon-1.9.24.jar
2026-04-08 17:35:43,026 [Worker-4: Searching...] INFO  o.eclipse.m2e.core.internal.Bundles - 	Entry: C:\sts-5.0.1.RELEASE\plugins\org.eclipse.m2e.maven.runtime_3.9.1101.20251020-1549\jars\maven-resolver-util-1.9.24.jar
2026-04-08 17:35:43,026 [Worker-4: Searching...] INFO  o.eclipse.m2e.core.internal.Bundles - 	Entry: C:\sts-5.0.1.RELEASE\plugins\org.eclipse.m2e.maven.runtime_3.9.1101.20251020-1549\jars\maven-settings-3.9.11.jar
2026-04-08 17:35:43,027 [Worker-4: Searching...] INFO  o.eclipse.m2e.core.internal.Bundles - 	Entry: C:\sts-5.0.1.RELEASE\plugins\org.eclipse.m2e.maven.runtime_3.9.1101.20251020-1549\jars\maven-settings-builder-3.9.11.jar
2026-04-08 17:35:43,027 [Worker-4: Searching...] INFO  o.eclipse.m2e.core.internal.Bundles - 	Entry: C:\sts-5.0.1.RELEASE\plugins\org.eclipse.m2e.maven.runtime_3.9.1101.20251020-1549\jars\maven-shared-utils-3.4.2.jar
2026-04-08 17:35:43,027 [Worker-4: Searching...] INFO  o.eclipse.m2e.core.internal.Bundles - 	Entry: C:\sts-5.0.1.RELEASE\plugins\org.eclipse.m2e.maven.runtime_3.9.1101.20251020-1549\jars\org.eclipse.sisu.inject-0.9.0.M4.jar
2026-04-08 17:35:43,027 [Worker-4: Searching...] INFO  o.eclipse.m2e.core.internal.Bundles - 	Entry: C:\sts-5.0.1.RELEASE\plugins\org.eclipse.m2e.maven.runtime_3.9.1101.20251020-1549\jars\org.eclipse.sisu.plexus-0.9.0.M4.jar
2026-04-08 17:35:43,027 [Worker-4: Searching...] INFO  o.eclipse.m2e.core.internal.Bundles - 	Entry: C:\sts-5.0.1.RELEASE\plugins\org.eclipse.m2e.maven.runtime_3.9.1101.20251020-1549\jars\plexus-build-api-0.0.7.jar
2026-04-08 17:35:43,027 [Worker-4: Searching...] INFO  o.eclipse.m2e.core.internal.Bundles - 	Entry: C:\sts-5.0.1.RELEASE\plugins\org.eclipse.m2e.maven.runtime_3.9.1101.20251020-1549\jars\plexus-build-api-1.2.0.jar
2026-04-08 17:35:43,027 [Worker-4: Searching...] INFO  o.eclipse.m2e.core.internal.Bundles - 	Entry: C:\sts-5.0.1.RELEASE\plugins\org.eclipse.m2e.maven.runtime_3.9.1101.20251020-1549\jars\plexus-cipher-2.0.jar
2026-04-08 17:35:43,027 [Worker-4: Searching...] INFO  o.eclipse.m2e.core.internal.Bundles - 	Entry: C:\sts-5.0.1.RELEASE\plugins\org.eclipse.m2e.maven.runtime_3.9.1101.20251020-1549\jars\plexus-classworlds-2.9.0.jar
2026-04-08 17:35:43,028 [Worker-4: Searching...] INFO  o.eclipse.m2e.core.internal.Bundles - 	Entry: C:\sts-5.0.1.RELEASE\plugins\org.eclipse.m2e.maven.runtime_3.9.1101.20251020-1549\jars\plexus-component-annotations-2.2.0.jar
2026-04-08 17:35:43,028 [Worker-4: Searching...] INFO  o.eclipse.m2e.core.internal.Bundles - 	Entry: C:\sts-5.0.1.RELEASE\plugins\org.eclipse.m2e.maven.runtime_3.9.1101.20251020-1549\jars\plexus-interpolation-1.28.jar
2026-04-08 17:35:43,028 [Worker-4: Searching...] INFO  o.eclipse.m2e.core.internal.Bundles - 	Entry: C:\sts-5.0.1.RELEASE\plugins\org.eclipse.m2e.maven.runtime_3.9.1101.20251020-1549\jars\plexus-sec-dispatcher-2.0.jar
2026-04-08 17:35:43,028 [Worker-4: Searching...] INFO  o.eclipse.m2e.core.internal.Bundles - 	Entry: C:\sts-5.0.1.RELEASE\plugins\org.eclipse.m2e.maven.runtime_3.9.1101.20251020-1549\jars\plexus-utils-3.6.0.jar
2026-04-08 17:35:43,028 [Worker-4: Searching...] INFO  o.eclipse.m2e.core.internal.Bundles - 	Entry: C:\sts-5.0.1.RELEASE\plugins\org.eclipse.m2e.maven.runtime_3.9.1101.20251020-1549\jars\wagon-file-3.5.3.jar
2026-04-08 17:35:43,028 [Worker-4: Searching...] INFO  o.eclipse.m2e.core.internal.Bundles - 	Entry: C:\sts-5.0.1.RELEASE\plugins\org.eclipse.m2e.maven.runtime_3.9.1101.20251020-1549\jars\wagon-http-3.5.3.jar
2026-04-08 17:35:43,028 [Worker-4: Searching...] INFO  o.eclipse.m2e.core.internal.Bundles - 	Entry: C:\sts-5.0.1.RELEASE\plugins\org.eclipse.m2e.maven.runtime_3.9.1101.20251020-1549\jars\wagon-http-shared-3.5.3.jar
2026-04-08 17:35:43,028 [Worker-4: Searching...] INFO  o.eclipse.m2e.core.internal.Bundles - 	Entry: C:\sts-5.0.1.RELEASE\plugins\org.eclipse.m2e.maven.runtime_3.9.1101.20251020-1549\jars\wagon-provider-api-3.5.3.jar
2026-04-08 17:35:43,029 [Worker-4: Searching...] INFO  o.eclipse.m2e.core.internal.Bundles - getClasspathEntries(Bundle=com.google.guava_33.5.0.jre [31])
2026-04-08 17:35:43,029 [Worker-4: Searching...] INFO  o.eclipse.m2e.core.internal.Bundles - 	Entry: C:\sts-5.0.1.RELEASE\plugins\com.google.guava_33.5.0.jre.jar
2026-04-08 17:35:43,029 [Worker-4: Searching...] INFO  o.eclipse.m2e.core.internal.Bundles - getClasspathEntries(Bundle=slf4j.api_2.0.17 [620])
2026-04-08 17:35:43,029 [Worker-4: Searching...] INFO  o.eclipse.m2e.core.internal.Bundles - 	Entry: C:\sts-5.0.1.RELEASE\plugins\slf4j.api_2.0.17.jar
2026-04-08 17:35:43,030 [Worker-4: Searching...] INFO  o.eclipse.m2e.core.internal.Bundles - getClasspathEntries(Bundle=jakarta.inject.jakarta.inject-api_1.0.5 [46])
2026-04-08 17:35:43,030 [Worker-4: Searching...] INFO  o.eclipse.m2e.core.internal.Bundles - 	Entry: C:\sts-5.0.1.RELEASE\plugins\jakarta.inject.jakarta.inject-api_1.0.5.jar
2026-04-08 17:35:43,030 [Worker-4: Searching...] INFO  o.eclipse.m2e.core.internal.Bundles - getClasspathEntries(Bundle=jakarta.annotation-api_1.3.5 [43])
2026-04-08 17:35:43,030 [Worker-4: Searching...] INFO  o.eclipse.m2e.core.internal.Bundles - 	Entry: C:\sts-5.0.1.RELEASE\plugins\jakarta.annotation-api_1.3.5.jar
2026-04-08 17:35:43,030 [Worker-4: Searching...] INFO  o.eclipse.m2e.core.internal.Bundles - getClasspathEntries(Bundle=org.apache.commons.cli_1.11.0 [85])
2026-04-08 17:35:43,030 [Worker-4: Searching...] INFO  o.eclipse.m2e.core.internal.Bundles - 	Entry: C:\sts-5.0.1.RELEASE\plugins\org.apache.commons.cli_1.11.0.jar
2026-04-08 17:35:43,030 [Worker-4: Searching...] INFO  o.eclipse.m2e.core.internal.Bundles - getClasspathEntries(Bundle=org.apache.commons.commons-codec_1.20.0 [87])
2026-04-08 17:35:43,031 [Worker-4: Searching...] INFO  o.eclipse.m2e.core.internal.Bundles - 	Entry: C:\sts-5.0.1.RELEASE\plugins\org.apache.commons.commons-codec_1.20.0.jar
2026-04-08 17:35:43,031 [Worker-4: Searching...] INFO  o.eclipse.m2e.core.internal.Bundles - getClasspathEntries(Bundle=com.google.guava.failureaccess_1.0.3 [32])
2026-04-08 17:35:43,031 [Worker-4: Searching...] INFO  o.eclipse.m2e.core.internal.Bundles - 	Entry: C:\sts-5.0.1.RELEASE\plugins\com.google.guava.failureaccess_1.0.3.jar
2026-04-08 17:35:43,183 [Worker-4: Searching...] INFO  o.e.m.c.i.e.AbstractTransferListenerAdapter - Downloading https://repo.maven.apache.org/maven2/org/codehaus/plexus/plexus-classworlds/2.9.0/plexus-classworlds-2.9.0-sources.jar
2026-04-08 17:35:43,213 [Worker-4: Searching...] INFO  o.e.m.c.i.e.AbstractTransferListenerAdapter - Downloaded https://repo.maven.apache.org/maven2/org/codehaus/plexus/plexus-classworlds/2.9.0/plexus-classworlds-2.9.0-sources.jar
2026-04-08 17:35:43,366 [Worker-4: Searching...] INFO  o.e.m.c.i.e.AbstractTransferListenerAdapter - Downloading https://repo.maven.apache.org/maven2/com/google/errorprone/error_prone_annotations/2.38.0/error_prone_annotations-2.38.0-sources.jar
2026-04-08 17:35:43,793 [Worker-4: Searching...] INFO  o.e.m.c.i.e.AbstractTransferListenerAdapter - Downloaded https://repo.maven.apache.org/maven2/com/google/errorprone/error_prone_annotations/2.38.0/error_prone_annotations-2.38.0-sources.jar
2026-04-08 17:35:43,926 [Worker-4: Searching...] INFO  o.e.m.c.i.e.AbstractTransferListenerAdapter - Downloading https://repo.maven.apache.org/maven2/com/google/code/gson/gson/2.13.1/gson-2.13.1-sources.jar
2026-04-08 17:35:44,028 [Worker-4: Searching...] INFO  o.e.m.c.i.e.AbstractTransferListenerAdapter - Downloaded https://repo.maven.apache.org/maven2/com/google/code/gson/gson/2.13.1/gson-2.13.1-sources.jar
2026-04-08 17:35:44,187 [Worker-4: Searching...] INFO  o.e.m.c.i.e.AbstractTransferListenerAdapter - Downloading https://repo.maven.apache.org/maven2/org/fusesource/jansi/jansi/2.4.2/jansi-2.4.2-sources.jar
2026-04-08 17:35:44,291 [Worker-4: Searching...] INFO  o.e.m.c.i.e.AbstractTransferListenerAdapter - Downloaded https://repo.maven.apache.org/maven2/org/fusesource/jansi/jansi/2.4.2/jansi-2.4.2-sources.jar
2026-04-08 17:35:44,456 [Worker-4: Searching...] INFO  o.e.m.c.i.e.AbstractTransferListenerAdapter - Downloading https://repo.maven.apache.org/maven2/org/apache/maven/maven-artifact/3.9.11/maven-artifact-3.9.11-sources.jar
2026-04-08 17:35:44,503 [Worker-4: Searching...] INFO  o.e.m.c.i.e.AbstractTransferListenerAdapter - Downloaded https://repo.maven.apache.org/maven2/org/apache/maven/maven-artifact/3.9.11/maven-artifact-3.9.11-sources.jar
2026-04-08 17:35:44,632 [Worker-4: Searching...] INFO  o.e.m.c.i.e.AbstractTransferListenerAdapter - Downloading https://repo.maven.apache.org/maven2/org/apache/maven/maven-builder-support/3.9.11/maven-builder-support-3.9.11-sources.jar
2026-04-08 17:35:44,863 [Worker-4: Searching...] INFO  o.e.m.c.i.e.AbstractTransferListenerAdapter - Downloaded https://repo.maven.apache.org/maven2/org/apache/maven/maven-builder-support/3.9.11/maven-builder-support-3.9.11-sources.jar
2026-04-08 17:35:45,177 [Worker-4: Searching...] INFO  o.e.m.c.i.e.AbstractTransferListenerAdapter - Downloading https://repo.maven.apache.org/maven2/org/apache/maven/maven-compat/3.9.11/maven-compat-3.9.11-sources.jar
2026-04-08 17:35:45,284 [Worker-4: Searching...] INFO  o.e.m.c.i.e.AbstractTransferListenerAdapter - Downloaded https://repo.maven.apache.org/maven2/org/apache/maven/maven-compat/3.9.11/maven-compat-3.9.11-sources.jar
2026-04-08 17:35:45,433 [Worker-4: Searching...] INFO  o.e.m.c.i.e.AbstractTransferListenerAdapter - Downloading https://repo.maven.apache.org/maven2/org/apache/maven/maven-core/3.9.11/maven-core-3.9.11-sources.jar
2026-04-08 17:35:45,597 [Worker-4: Searching...] INFO  o.e.m.c.i.e.AbstractTransferListenerAdapter - Downloaded https://repo.maven.apache.org/maven2/org/apache/maven/maven-core/3.9.11/maven-core-3.9.11-sources.jar
2026-04-08 17:35:45,747 [Worker-4: Searching...] INFO  o.e.m.c.i.e.AbstractTransferListenerAdapter - Downloading https://repo.maven.apache.org/maven2/org/apache/maven/maven-embedder/3.9.11/maven-embedder-3.9.11-sources.jar
2026-04-08 17:35:45,812 [Worker-4: Searching...] INFO  o.e.m.c.i.e.AbstractTransferListenerAdapter - Downloaded https://repo.maven.apache.org/maven2/org/apache/maven/maven-embedder/3.9.11/maven-embedder-3.9.11-sources.jar
2026-04-08 17:35:45,938 [Worker-4: Searching...] INFO  o.e.m.c.i.e.AbstractTransferListenerAdapter - Downloading https://repo.maven.apache.org/maven2/org/apache/maven/maven-model/3.9.11/maven-model-3.9.11-sources.jar
2026-04-08 17:35:46,027 [Worker-4: Searching...] INFO  o.e.m.c.i.e.AbstractTransferListenerAdapter - Downloaded https://repo.maven.apache.org/maven2/org/apache/maven/maven-model/3.9.11/maven-model-3.9.11-sources.jar
2026-04-08 17:35:46,165 [Worker-4: Searching...] INFO  o.e.m.c.i.e.AbstractTransferListenerAdapter - Downloading https://repo.maven.apache.org/maven2/org/apache/maven/maven-model-builder/3.9.11/maven-model-builder-3.9.11-sources.jar
2026-04-08 17:35:46,263 [Worker-4: Searching...] INFO  o.e.m.c.i.e.AbstractTransferListenerAdapter - Downloaded https://repo.maven.apache.org/maven2/org/apache/maven/maven-model-builder/3.9.11/maven-model-builder-3.9.11-sources.jar
2026-04-08 17:35:46,393 [Worker-4: Searching...] INFO  o.e.m.c.i.e.AbstractTransferListenerAdapter - Downloading https://repo.maven.apache.org/maven2/org/apache/maven/maven-plugin-api/3.9.11/maven-plugin-api-3.9.11-sources.jar
2026-04-08 17:35:46,854 [Worker-4: Searching...] INFO  o.e.m.c.i.e.AbstractTransferListenerAdapter - Downloaded https://repo.maven.apache.org/maven2/org/apache/maven/maven-plugin-api/3.9.11/maven-plugin-api-3.9.11-sources.jar
2026-04-08 17:35:46,984 [Worker-4: Searching...] INFO  o.e.m.c.i.e.AbstractTransferListenerAdapter - Downloading https://repo.maven.apache.org/maven2/org/apache/maven/maven-repository-metadata/3.9.11/maven-repository-metadata-3.9.11-sources.jar
2026-04-08 17:35:47,182 [Worker-4: Searching...] INFO  o.e.m.c.i.e.AbstractTransferListenerAdapter - Downloaded https://repo.maven.apache.org/maven2/org/apache/maven/maven-repository-metadata/3.9.11/maven-repository-metadata-3.9.11-sources.jar
2026-04-08 17:35:47,330 [Worker-4: Searching...] INFO  o.e.m.c.i.e.AbstractTransferListenerAdapter - Downloading https://repo.maven.apache.org/maven2/org/apache/maven/resolver/maven-resolver-api/1.9.24/maven-resolver-api-1.9.24-sources.jar
2026-04-08 17:35:47,428 [Worker-4: Searching...] INFO  o.e.m.c.i.e.AbstractTransferListenerAdapter - Downloaded https://repo.maven.apache.org/maven2/org/apache/maven/resolver/maven-resolver-api/1.9.24/maven-resolver-api-1.9.24-sources.jar
2026-04-08 17:35:47,573 [Worker-4: Searching...] INFO  o.e.m.c.i.e.AbstractTransferListenerAdapter - Downloading https://repo.maven.apache.org/maven2/org/apache/maven/resolver/maven-resolver-connector-basic/1.9.24/maven-resolver-connector-basic-1.9.24-sources.jar
2026-04-08 17:35:47,796 [Worker-4: Searching...] INFO  o.e.m.c.i.e.AbstractTransferListenerAdapter - Downloaded https://repo.maven.apache.org/maven2/org/apache/maven/resolver/maven-resolver-connector-basic/1.9.24/maven-resolver-connector-basic-1.9.24-sources.jar
2026-04-08 17:35:47,931 [Worker-4: Searching...] INFO  o.e.m.c.i.e.AbstractTransferListenerAdapter - Downloading https://repo.maven.apache.org/maven2/org/apache/maven/resolver/maven-resolver-impl/1.9.24/maven-resolver-impl-1.9.24-sources.jar
2026-04-08 17:35:48,034 [Worker-4: Searching...] INFO  o.e.m.c.i.e.AbstractTransferListenerAdapter - Downloaded https://repo.maven.apache.org/maven2/org/apache/maven/resolver/maven-resolver-impl/1.9.24/maven-resolver-impl-1.9.24-sources.jar
2026-04-08 17:35:48,162 [Worker-4: Searching...] INFO  o.e.m.c.i.e.AbstractTransferListenerAdapter - Downloading https://repo.maven.apache.org/maven2/org/apache/maven/resolver/maven-resolver-named-locks/1.9.24/maven-resolver-named-locks-1.9.24-sources.jar
2026-04-08 17:35:48,449 [Worker-4: Searching...] INFO  o.e.m.c.i.e.AbstractTransferListenerAdapter - Downloaded https://repo.maven.apache.org/maven2/org/apache/maven/resolver/maven-resolver-named-locks/1.9.24/maven-resolver-named-locks-1.9.24-sources.jar
2026-04-08 17:35:48,576 [Worker-4: Searching...] INFO  o.e.m.c.i.e.AbstractTransferListenerAdapter - Downloading https://repo.maven.apache.org/maven2/org/apache/maven/maven-resolver-provider/3.9.11/maven-resolver-provider-3.9.11-sources.jar
2026-04-08 17:35:48,605 [Worker-4: Searching...] INFO  o.e.m.c.i.e.AbstractTransferListenerAdapter - Downloaded https://repo.maven.apache.org/maven2/org/apache/maven/maven-resolver-provider/3.9.11/maven-resolver-provider-3.9.11-sources.jar
2026-04-08 17:35:48,726 [Worker-4: Searching...] INFO  o.e.m.c.i.e.AbstractTransferListenerAdapter - Downloading https://repo.maven.apache.org/maven2/org/apache/maven/resolver/maven-resolver-spi/1.9.24/maven-resolver-spi-1.9.24-sources.jar
2026-04-08 17:35:48,787 [Worker-4: Searching...] INFO  o.e.m.c.i.e.AbstractTransferListenerAdapter - Downloaded https://repo.maven.apache.org/maven2/org/apache/maven/resolver/maven-resolver-spi/1.9.24/maven-resolver-spi-1.9.24-sources.jar
2026-04-08 17:35:48,935 [Worker-4: Searching...] INFO  o.e.m.c.i.e.AbstractTransferListenerAdapter - Downloading https://repo.maven.apache.org/maven2/org/apache/maven/resolver/maven-resolver-transport-file/1.9.24/maven-resolver-transport-file-1.9.24-sources.jar
2026-04-08 17:35:49,096 [Worker-4: Searching...] INFO  o.e.m.c.i.e.AbstractTransferListenerAdapter - Downloaded https://repo.maven.apache.org/maven2/org/apache/maven/resolver/maven-resolver-transport-file/1.9.24/maven-resolver-transport-file-1.9.24-sources.jar
2026-04-08 17:35:49,217 [Worker-4: Searching...] INFO  o.e.m.c.i.e.AbstractTransferListenerAdapter - Downloading https://repo.maven.apache.org/maven2/org/apache/maven/resolver/maven-resolver-transport-http/1.9.24/maven-resolver-transport-http-1.9.24-sources.jar
2026-04-08 17:35:49,692 [Worker-4: Searching...] INFO  o.e.m.c.i.e.AbstractTransferListenerAdapter - Downloaded https://repo.maven.apache.org/maven2/org/apache/maven/resolver/maven-resolver-transport-http/1.9.24/maven-resolver-transport-http-1.9.24-sources.jar
2026-04-08 17:35:49,827 [Worker-4: Searching...] INFO  o.e.m.c.i.e.AbstractTransferListenerAdapter - Downloading https://repo.maven.apache.org/maven2/org/apache/maven/resolver/maven-resolver-transport-wagon/1.9.24/maven-resolver-transport-wagon-1.9.24-sources.jar
2026-04-08 17:35:50,068 [Worker-4: Searching...] INFO  o.e.m.c.i.e.AbstractTransferListenerAdapter - Downloaded https://repo.maven.apache.org/maven2/org/apache/maven/resolver/maven-resolver-transport-wagon/1.9.24/maven-resolver-transport-wagon-1.9.24-sources.jar
2026-04-08 17:35:50,207 [Worker-4: Searching...] INFO  o.e.m.c.i.e.AbstractTransferListenerAdapter - Downloading https://repo.maven.apache.org/maven2/org/apache/maven/resolver/maven-resolver-util/1.9.24/maven-resolver-util-1.9.24-sources.jar
2026-04-08 17:35:50,302 [Worker-4: Searching...] INFO  o.e.m.c.i.e.AbstractTransferListenerAdapter - Downloaded https://repo.maven.apache.org/maven2/org/apache/maven/resolver/maven-resolver-util/1.9.24/maven-resolver-util-1.9.24-sources.jar
2026-04-08 17:35:50,427 [Worker-4: Searching...] INFO  o.e.m.c.i.e.AbstractTransferListenerAdapter - Downloading https://repo.maven.apache.org/maven2/org/apache/maven/maven-settings/3.9.11/maven-settings-3.9.11-sources.jar
2026-04-08 17:35:50,806 [Worker-4: Searching...] INFO  o.e.m.c.i.e.AbstractTransferListenerAdapter - Downloaded https://repo.maven.apache.org/maven2/org/apache/maven/maven-settings/3.9.11/maven-settings-3.9.11-sources.jar
2026-04-08 17:35:50,936 [Worker-4: Searching...] INFO  o.e.m.c.i.e.AbstractTransferListenerAdapter - Downloading https://repo.maven.apache.org/maven2/org/apache/maven/maven-settings-builder/3.9.11/maven-settings-builder-3.9.11-sources.jar
2026-04-08 17:35:51,442 [Worker-4: Searching...] INFO  o.e.m.c.i.e.AbstractTransferListenerAdapter - Downloaded https://repo.maven.apache.org/maven2/org/apache/maven/maven-settings-builder/3.9.11/maven-settings-builder-3.9.11-sources.jar
2026-04-08 17:35:51,580 [Worker-4: Searching...] INFO  o.e.m.c.i.e.AbstractTransferListenerAdapter - Downloading https://repo.maven.apache.org/maven2/org/eclipse/sisu/org.eclipse.sisu.inject/0.9.0.M4/org.eclipse.sisu.inject-0.9.0.M4-sources.jar
2026-04-08 17:35:51,675 [Worker-4: Searching...] INFO  o.e.m.c.i.e.AbstractTransferListenerAdapter - Downloaded https://repo.maven.apache.org/maven2/org/eclipse/sisu/org.eclipse.sisu.inject/0.9.0.M4/org.eclipse.sisu.inject-0.9.0.M4-sources.jar
2026-04-08 17:35:51,804 [Worker-4: Searching...] INFO  o.e.m.c.i.e.AbstractTransferListenerAdapter - Downloading https://repo.maven.apache.org/maven2/org/eclipse/sisu/org.eclipse.sisu.plexus/0.9.0.M4/org.eclipse.sisu.plexus-0.9.0.M4-sources.jar
2026-04-08 17:35:51,900 [Worker-4: Searching...] INFO  o.e.m.c.i.e.AbstractTransferListenerAdapter - Downloaded https://repo.maven.apache.org/maven2/org/eclipse/sisu/org.eclipse.sisu.plexus/0.9.0.M4/org.eclipse.sisu.plexus-0.9.0.M4-sources.jar
2026-04-08 17:35:52,049 [Worker-4: Searching...] INFO  o.e.m.c.i.e.AbstractTransferListenerAdapter - Downloading https://repo.maven.apache.org/maven2/org/codehaus/plexus/plexus-component-annotations/2.2.0/plexus-component-annotations-2.2.0-sources.jar
2026-04-08 17:35:52,103 [Worker-4: Searching...] INFO  o.e.m.c.i.e.AbstractTransferListenerAdapter - Downloaded https://repo.maven.apache.org/maven2/org/codehaus/plexus/plexus-component-annotations/2.2.0/plexus-component-annotations-2.2.0-sources.jar
2026-04-08 17:35:52,236 [Worker-4: Searching...] INFO  o.e.m.c.i.e.AbstractTransferListenerAdapter - Downloading https://repo.maven.apache.org/maven2/org/codehaus/plexus/plexus-interpolation/1.28/plexus-interpolation-1.28-sources.jar
2026-04-08 17:35:52,300 [Worker-4: Searching...] INFO  o.e.m.c.i.e.AbstractTransferListenerAdapter - Downloaded https://repo.maven.apache.org/maven2/org/codehaus/plexus/plexus-interpolation/1.28/plexus-interpolation-1.28-sources.jar
2026-04-08 17:35:52,465 [Worker-4: Searching...] INFO  o.e.m.c.i.e.AbstractTransferListenerAdapter - Downloading https://repo.maven.apache.org/maven2/org/codehaus/plexus/plexus-utils/3.6.0/plexus-utils-3.6.0-sources.jar
2026-04-08 17:35:52,590 [Worker-4: Searching...] INFO  o.e.m.c.i.e.AbstractTransferListenerAdapter - Downloaded https://repo.maven.apache.org/maven2/org/codehaus/plexus/plexus-utils/3.6.0/plexus-utils-3.6.0-sources.jar
2026-04-08 17:35:52,780 [Worker-4: Searching...] INFO  o.e.m.c.i.e.AbstractTransferListenerAdapter - Downloading https://repo.maven.apache.org/maven2/org/apache/maven/maven-slf4j-provider/3.9.11/maven-slf4j-provider-3.9.11-sources.jar
2026-04-08 17:35:53,028 [Worker-4: Searching...] INFO  o.e.m.c.i.e.AbstractTransferListenerAdapter - Downloaded https://repo.maven.apache.org/maven2/org/apache/maven/maven-slf4j-provider/3.9.11/maven-slf4j-provider-3.9.11-sources.jar
2026-04-08 17:35:53,175 [Worker-4: Searching...] INFO  o.e.m.c.i.e.AbstractTransferListenerAdapter - Downloading https://repo.maven.apache.org/maven2/com/google/guava/guava/33.5.0-jre/guava-33.5.0-jre-sources.jar
2026-04-08 17:35:53,389 [Worker-4: Searching...] INFO  o.e.m.c.i.e.AbstractTransferListenerAdapter - Downloaded https://repo.maven.apache.org/maven2/com/google/guava/guava/33.5.0-jre/guava-33.5.0-jre-sources.jar
2026-04-08 17:35:53,575 [Worker-4: Searching...] INFO  o.e.m.c.i.e.AbstractTransferListenerAdapter - Downloading https://repo.maven.apache.org/maven2/commons-cli/commons-cli/1.11.0/commons-cli-1.11.0-sources.jar
2026-04-08 17:35:53,638 [Worker-4: Searching...] INFO  o.e.m.c.i.e.AbstractTransferListenerAdapter - Downloaded https://repo.maven.apache.org/maven2/commons-cli/commons-cli/1.11.0/commons-cli-1.11.0-sources.jar
2026-04-08 17:35:53,767 [Worker-4: Searching...] INFO  o.e.m.c.i.e.AbstractTransferListenerAdapter - Downloading https://repo.maven.apache.org/maven2/commons-codec/commons-codec/1.20.0/commons-codec-1.20.0-sources.jar
2026-04-08 17:35:53,908 [Worker-4: Searching...] INFO  o.e.m.c.i.e.AbstractTransferListenerAdapter - Downloaded https://repo.maven.apache.org/maven2/commons-codec/commons-codec/1.20.0/commons-codec-1.20.0-sources.jar
2026-04-08 17:42:29,261 [Worker-2: Loading available Gradle versions] INFO  o.e.b.c.i.u.g.PublishedGradleVersions - Gradle version information cache is up-to-date. Trying to read.
2026-04-08 17:45:22,823 [Worker-2: Loading available Gradle versions] INFO  o.e.b.c.i.u.g.PublishedGradleVersions - Gradle version information cache is up-to-date. Trying to read.
